\BOOKMARK [0][-]{chapter.1}{\376\377\000W\000p\000r\000o\000w\000a\000d\000z\000e\000n\000i\000e}{}% 1
\BOOKMARK [0][-]{chapter.2}{\376\377\000O\000p\000i\000s\000\040\000z\000a\001\102\000o\001\174\000e\001\104\000\040\000p\000r\000o\000j\000e\000k\000t\000u}{}% 2
\BOOKMARK [1][-]{section.2.1}{\376\377\000W\000y\000m\000a\000g\000a\000n\000i\000a\000\040\000f\000u\000n\000k\000c\000j\000o\000n\000a\000l\000n\000e}{chapter.2}% 3
\BOOKMARK [1][-]{section.2.2}{\376\377\000W\000y\000m\000a\000g\000a\000n\000i\000a\000\040\000n\000i\000e\000f\000u\000n\000k\000c\000j\000o\000n\000a\000l\000n\000e}{chapter.2}% 4
\BOOKMARK [0][-]{chapter.3}{\376\377\000O\000p\000i\000s\000\040\000s\000t\000r\000u\000k\000t\000u\000r\000y\000\040\000p\000r\000o\000j\000e\000k\000t\000u}{}% 5
\BOOKMARK [1][-]{section.3.1}{\376\377\000U\001\174\000y\000t\000e\000\040\000t\000e\000c\000h\000n\000o\000l\000o\000g\000i\000e}{chapter.3}% 6
\BOOKMARK [1][-]{section.3.2}{\376\377\000S\000t\000r\000u\000k\000t\000u\000r\000a\000\040\000k\000a\000t\000a\000l\000o\000g\000\363\000w}{chapter.3}% 7
\BOOKMARK [1][-]{section.3.3}{\376\377\000K\000o\000n\000w\000e\000n\000c\000j\000e\000\040\000k\000o\000d\000o\000w\000a\000n\000i\000a\000\040\000i\000\040\000o\000r\000g\000a\000n\000i\000z\000a\000c\000j\000a\000\040\000s\000t\000y\000l\000\363\000w}{chapter.3}% 8
\BOOKMARK [1][-]{section.3.4}{\376\377\000I\000m\000p\000l\000e\000m\000e\000n\000t\000a\000c\000j\000a\000\040\000e\000f\000e\000k\000t\000\363\000w\000\040\000w\000i\000z\000u\000a\000l\000n\000y\000c\000h\000\040\000i\000\040\000o\000p\000t\000y\000m\000a\000l\000i\000z\000a\000c\000j\000a}{chapter.3}% 9
\BOOKMARK [1][-]{section.3.5}{\376\377\000M\000e\000c\000h\000a\000n\000i\000z\000m\000\040\000S\000c\000r\000o\000l\000l\000\040\000S\000n\000a\000p\000\040\000\050\000P\000o\000d\000s\000t\000r\000o\000n\000y\000\051}{chapter.3}% 10
\BOOKMARK [1][-]{section.3.6}{\376\377\000R\000e\000s\000p\000o\000n\000s\000y\000w\000n\000o\001\133\001\007\000\040\000\050\000R\000W\000D\000\051}{chapter.3}% 11
\BOOKMARK [0][-]{chapter.4}{\376\377\000H\000a\000r\000m\000o\000n\000o\000g\000r\000a\000m\000\040\000r\000e\000a\000l\000i\000z\000a\000c\000j\000i\000\040\000p\000r\000o\000j\000e\000k\000t\000u}{}% 12
\BOOKMARK [1][-]{section.4.1}{\376\377\000E\000t\000a\000p\000y\000\040\000r\000e\000a\000l\000i\000z\000a\000c\000j\000i\000\040\000p\000r\000o\000j\000e\000k\000t\000u}{chapter.4}% 13
\BOOKMARK [1][-]{section.4.2}{\376\377\000W\000y\000k\000r\000e\000s\000\040\000G\000a\000n\000t\000t\000a}{chapter.4}% 14
\BOOKMARK [1][-]{section.4.3}{\376\377\000S\000y\000s\000t\000e\000m\000\040\000k\000o\000n\000t\000r\000o\000l\000i\000\040\000w\000e\000r\000s\000j\000i}{chapter.4}% 15
\BOOKMARK [0][-]{chapter.5}{\376\377\000P\000r\000e\000z\000e\000n\000t\000a\000c\000j\000a\000\040\000w\000a\000r\000s\000t\000w\000y\000\040\000u\001\174\000y\000t\000k\000o\000w\000e\000j\000\040\000p\000r\000o\000j\000e\000k\000t\000u}{}% 16
\BOOKMARK [0][-]{chapter.6}{\376\377\000I\000n\000s\000t\000r\000u\000k\000c\000j\000a\000\040\000u\000r\000u\000c\000h\000o\000m\000i\000e\000n\000i\000o\000w\000a}{}% 17
\BOOKMARK [0][-]{chapter.7}{\376\377\000T\000e\000s\000t\000o\000w\000a\000n\000i\000e\000\040\000p\000o\000p\000r\000a\000w\000n\000o\001\133\000c\000i\000\040\000i\000\040\000s\000t\000o\000p\000n\000i\000a\000\040\000o\000p\000t\000y\000m\000a\000l\000i\000z\000a\000c\000j\000i\000\040\000k\000o\000d\000u}{}% 18
\BOOKMARK [1][-]{section.7.1}{\376\377\000W\000a\000l\000i\000d\000a\000c\000j\000a\000\040\000H\000T\000M\000L\000\040\000o\000r\000a\000z\000\040\000C\000S\000S\000\040\000-\000\040\000W\0003\000C}{chapter.7}% 19
\BOOKMARK [0][-]{chapter.8}{\376\377\000P\000o\000d\000s\000u\000m\000o\000w\000a\000n\000i\000e}{}% 20
\BOOKMARK [1][-]{Item.23}{\376\377\000B\000i\000b\000l\000i\000o\000g\000r\000a\000f\000i\000a}{chapter.8}% 21
\BOOKMARK [1][-]{chapter*.2}{\376\377\000S\000p\000i\000s\000\040\000r\000y\000s\000u\000n\000k\000\363\000w}{chapter.8}% 22
\BOOKMARK [1][-]{section*.3}{\376\377\000O\001\133\000w\000i\000a\000d\000c\000z\000e\000n\000i\000e\000\040\000s\000t\000u\000d\000e\000n\000t\000a\000\040\000o\000\040\000s\000a\000m\000o\000d\000z\000i\000e\000l\000n\000o\001\133\000c\000i\000\040\000p\000r\000a\000c\000y}{chapter.8}% 23
