\BOOKMARK [0][-]{chapter.1}{\376\377\000W\000p\000r\000o\000w\000a\000d\000z\000e\000n\000i\000e}{}% 1
\BOOKMARK [0][-]{chapter.2}{\376\377\000O\000p\000i\000s\000\040\000z\000a\001\102\000o\001\174\000e\001\104\000\040\000p\000r\000o\000j\000e\000k\000t\000u}{}% 2
\BOOKMARK [1][-]{section.2.1}{\376\377\000W\000y\000m\000a\000g\000a\000n\000i\000a\000\040\000f\000u\000n\000k\000c\000j\000o\000n\000a\000l\000n\000e}{chapter.2}% 3
\BOOKMARK [1][-]{section.2.2}{\376\377\000W\000y\000m\000a\000g\000a\000n\000i\000a\000\040\000n\000i\000e\000f\000u\000n\000k\000c\000j\000o\000n\000a\000l\000n\000e}{chapter.2}% 4
\BOOKMARK [0][-]{chapter.3}{\376\377\000O\000p\000i\000s\000\040\000s\000t\000r\000u\000k\000t\000u\000r\000y\000\040\000p\000r\000o\000j\000e\000k\000t\000u}{}% 5
\BOOKMARK [1][-]{section.3.1}{\376\377\000U\001\174\000y\000t\000e\000\040\000t\000e\000c\000h\000n\000o\000l\000o\000g\000i\000e}{chapter.3}% 6
\BOOKMARK [1][-]{section.3.2}{\376\377\000S\000t\000r\000u\000k\000t\000u\000r\000a\000\040\000k\000a\000t\000a\000l\000o\000g\000\363\000w}{chapter.3}% 7
\BOOKMARK [1][-]{section.3.3}{\376\377\000K\000o\000n\000w\000e\000n\000c\000j\000e\000\040\000k\000o\000d\000o\000w\000a\000n\000i\000a\000\040\000i\000\040\000o\000r\000g\000a\000n\000i\000z\000a\000c\000j\000a\000\040\000s\000t\000y\000l\000\363\000w}{chapter.3}% 8
\BOOKMARK [1][-]{section.3.4}{\376\377\000I\000m\000p\000l\000e\000m\000e\000n\000t\000a\000c\000j\000a\000\040\000l\000o\000g\000i\000k\000i\000\040\000w\000\040\000J\000a\000v\000a\000S\000c\000r\000i\000p\000t}{chapter.3}% 9
\BOOKMARK [1][-]{section.3.5}{\376\377\000R\000e\000s\000p\000o\000n\000s\000y\000w\000n\000o\001\133\001\007\000\040\000\050\000R\000W\000D\000\051}{chapter.3}% 10
\BOOKMARK [1][-]{section.3.6}{\376\377\000P\000r\000e\000z\000e\000n\000t\000a\000c\000j\000a\000\040\000n\000a\000j\000w\000a\001\174\000n\000i\000e\000j\000s\000z\000y\000c\000h\000\040\000s\000k\000r\000y\000p\000t\000\363\000w\000\040\000i\000\040\000i\000c\000h\000\040\000f\000r\000a\000g\000m\000e\000n\000t\000\363\000w}{chapter.3}% 11
\BOOKMARK [2][-]{subsection.3.6.1}{\376\377\000Z\000a\000r\000z\001\005\000d\000z\000a\000n\000i\000e\000\040\000m\000o\000t\000y\000w\000e\000m\000\040\000\050\000t\000h\000e\000m\000e\000.\000j\000s\000\051}{section.3.6}% 12
\BOOKMARK [2][-]{subsection.3.6.2}{\376\377\000A\000n\000i\000m\000a\000c\000j\000a\000\040\000p\000o\000w\000i\000t\000a\000l\000n\000a\000\040\000s\000e\000k\000c\000j\000i\000\040\000H\000e\000r\000o\000\040\000\050\000a\000n\000i\000m\000a\000t\000i\000o\000n\000.\000j\000s\000\051}{section.3.6}% 13
\BOOKMARK [2][-]{subsection.3.6.3}{\376\377\000P\000a\000s\000e\000k\000\040\000n\000a\000w\000i\000g\000a\000c\000j\000i\000\040\000\050\000a\000n\000i\000m\000a\000t\000i\000o\000n\000.\000j\000s\000\051}{section.3.6}% 14
\BOOKMARK [2][-]{subsection.3.6.4}{\376\377\000K\000o\000n\000w\000e\000r\000t\000e\000r\000\040\000l\000i\000c\000z\000b\000\040\000r\000z\000y\000m\000s\000k\000i\000c\000h\000\040\000\050\000c\000a\000l\000c\000.\000j\000s\000\051}{section.3.6}% 15
\BOOKMARK [2][-]{subsection.3.6.5}{\376\377\000I\000n\000t\000e\000r\000a\000k\000t\000y\000w\000n\000a\000\040\000l\000i\000s\000t\000a\000\040\000z\000a\000d\000a\001\104\000\040\000\050\000t\000o\000d\000o\000.\000j\000s\000\051}{section.3.6}% 16
\BOOKMARK [2][-]{subsection.3.6.6}{\376\377\000O\000b\000s\001\102\000u\000g\000a\000\040\000f\000o\000r\000m\000u\000l\000a\000r\000z\000a\000\040\000i\000\040\000s\000y\000s\000t\000e\000m\000\040\000a\000l\000e\000r\000t\000\363\000w\000\040\000\050\000f\000o\000r\000m\000.\000j\000s\000\051}{section.3.6}% 17
\BOOKMARK [0][-]{chapter.4}{\376\377\000H\000a\000r\000m\000o\000n\000o\000g\000r\000a\000m\000\040\000r\000e\000a\000l\000i\000z\000a\000c\000j\000i\000\040\000p\000r\000o\000j\000e\000k\000t\000u}{}% 18
\BOOKMARK [1][-]{section.4.1}{\376\377\000E\000t\000a\000p\000y\000\040\000r\000e\000a\000l\000i\000z\000a\000c\000j\000i\000\040\000p\000r\000o\000j\000e\000k\000t\000u}{chapter.4}% 19
\BOOKMARK [1][-]{section.4.2}{\376\377\000S\000y\000s\000t\000e\000m\000\040\000k\000o\000n\000t\000r\000o\000l\000i\000\040\000w\000e\000r\000s\000j\000i}{chapter.4}% 20
\BOOKMARK [0][-]{chapter.5}{\376\377\000P\000r\000e\000z\000e\000n\000t\000a\000c\000j\000a\000\040\000w\000a\000r\000s\000t\000w\000y\000\040\000u\001\174\000y\000t\000k\000o\000w\000e\000j\000\040\000p\000r\000o\000j\000e\000k\000t\000u}{}% 21
\BOOKMARK [0][-]{chapter.6}{\376\377\000I\000n\000s\000t\000r\000u\000k\000c\000j\000a\000\040\000u\000r\000u\000c\000h\000o\000m\000i\000e\000n\000i\000o\000w\000a}{}% 22
\BOOKMARK [0][-]{chapter.7}{\376\377\000P\000o\000d\000s\000u\000m\000o\000w\000a\000n\000i\000e}{}% 23
\BOOKMARK [1][-]{Item.21}{\376\377\000B\000i\000b\000l\000i\000o\000g\000r\000a\000f\000i\000a}{chapter.7}% 24
\BOOKMARK [1][-]{chapter*.2}{\376\377\000S\000p\000i\000s\000\040\000r\000y\000s\000u\000n\000k\000\363\000w}{chapter.7}% 25
